<?xml version="1.0" encoding="UTF-8"?>
<!-- Generated by org.testng.reporters.JUnitXMLReporter -->
<testsuite hostname="JAFRA" name="Command line test" tests="1" failures="1" timestamp="29 Dec 2018 01:17:25 GMT" time="32.14" errors="0">
  <testcase name="testHomeButton" time="14.101" classname="tests.AmazonEmptyCartTest">
    <failure type="java.lang.NullPointerException">
      <![CDATA[java.lang.NullPointerException
	at pages.AmazonEmptyCart.amazonTestDeleteCart(AmazonEmptyCart.java:37)
	at tests.AmazonEmptyCartTest.testHomeButton(AmazonEmptyCartTest.java:22)
	at java.util.concurrent.ThreadPoolExecutor.runWorker(ThreadPoolExecutor.java:1142)
	at java.util.concurrent.ThreadPoolExecutor$Worker.run(ThreadPoolExecutor.java:617)
	at java.lang.Thread.run(Thread.java:745)
... Removed 10 stack frames]]>
    </failure>
  </testcase> <!-- testHomeButton -->
</testsuite> <!-- Command line test -->
