<?xml version="1.0" encoding="UTF-8"?>
<testng-results skipped="0" failed="0" total="2" passed="2">
  <reporter-output>
  </reporter-output>
  <suite name="Command line suite" duration-ms="26849" started-at="2018-12-29T02:03:13Z" finished-at="2018-12-29T02:03:40Z">
    <groups>
    </groups>
    <test name="Command line test" duration-ms="26849" started-at="2018-12-29T02:03:13Z" finished-at="2018-12-29T02:03:40Z">
      <class name="tests.AmazonSignInTest">
        <test-method status="PASS" signature="setUpClass()[pri:0, instance:tests.AmazonSignInTest@73f792cf]" name="setUpClass" is-config="true" duration-ms="17" started-at="2018-12-28T20:03:13Z" finished-at="2018-12-28T20:03:13Z">
          <reporter-output>
          </reporter-output>
        </test-method> <!-- setUpClass -->
        <test-method status="PASS" signature="setup()[pri:0, instance:tests.AmazonSignInTest@73f792cf]" name="setup" is-config="true" duration-ms="14962" started-at="2018-12-28T20:03:13Z" finished-at="2018-12-28T20:03:28Z">
          <reporter-output>
          </reporter-output>
        </test-method> <!-- setup -->
        <test-method status="PASS" signature="setUpMethod()[pri:0, instance:tests.AmazonSignInTest@73f792cf]" name="setUpMethod" is-config="true" duration-ms="1" started-at="2018-12-28T20:03:28Z" finished-at="2018-12-28T20:03:28Z">
          <reporter-output>
          </reporter-output>
        </test-method> <!-- setUpMethod -->
        <test-method status="PASS" signature="AmazonSignInTest()[pri:0, instance:tests.AmazonSignInTest@73f792cf]" name="AmazonSignInTest" duration-ms="11762" started-at="2018-12-28T20:03:28Z" finished-at="2018-12-28T20:03:40Z">
          <reporter-output>
          </reporter-output>
        </test-method> <!-- AmazonSignInTest -->
        <test-method status="PASS" signature="tearDownMethod()[pri:0, instance:tests.AmazonSignInTest@73f792cf]" name="tearDownMethod" is-config="true" duration-ms="0" started-at="2018-12-28T20:03:40Z" finished-at="2018-12-28T20:03:40Z">
          <reporter-output>
          </reporter-output>
        </test-method> <!-- tearDownMethod -->
        <test-method status="PASS" signature="setUpMethod()[pri:0, instance:tests.AmazonSignInTest@73f792cf]" name="setUpMethod" is-config="true" duration-ms="1" started-at="2018-12-28T20:03:40Z" finished-at="2018-12-28T20:03:40Z">
          <reporter-output>
          </reporter-output>
        </test-method> <!-- setUpMethod -->
        <test-method status="PASS" signature="AmazonSignOutTest()[pri:0, instance:tests.AmazonSignInTest@73f792cf]" name="AmazonSignOutTest" duration-ms="62" started-at="2018-12-28T20:03:40Z" finished-at="2018-12-28T20:03:40Z">
          <reporter-output>
          </reporter-output>
        </test-method> <!-- AmazonSignOutTest -->
        <test-method status="PASS" signature="tearDownMethod()[pri:0, instance:tests.AmazonSignInTest@73f792cf]" name="tearDownMethod" is-config="true" duration-ms="0" started-at="2018-12-28T20:03:40Z" finished-at="2018-12-28T20:03:40Z">
          <reporter-output>
          </reporter-output>
        </test-method> <!-- tearDownMethod -->
        <test-method status="PASS" signature="tearDownClass()[pri:0, instance:tests.AmazonSignInTest@73f792cf]" name="tearDownClass" is-config="true" duration-ms="1" started-at="2018-12-28T20:03:40Z" finished-at="2018-12-28T20:03:40Z">
          <reporter-output>
          </reporter-output>
        </test-method> <!-- tearDownClass -->
        <test-method status="PASS" signature="teardown()[pri:0, instance:tests.AmazonSignInTest@73f792cf]" name="teardown" is-config="true" duration-ms="0" started-at="2018-12-28T20:03:40Z" finished-at="2018-12-28T20:03:40Z">
          <reporter-output>
          </reporter-output>
        </test-method> <!-- teardown -->
      </class> <!-- tests.AmazonSignInTest -->
    </test> <!-- Command line test -->
  </suite> <!-- Command line suite -->
</testng-results>
