<?xml version="1.0" encoding="UTF-8"?>
<testng-results skipped="0" failed="1" total="1" passed="0">
  <reporter-output>
  </reporter-output>
  <suite name="Command line suite" duration-ms="32140" started-at="2018-12-29T01:16:53Z" finished-at="2018-12-29T01:17:25Z">
    <groups>
    </groups>
    <test name="Command line test" duration-ms="32140" started-at="2018-12-29T01:16:53Z" finished-at="2018-12-29T01:17:25Z">
      <class name="tests.AmazonEmptyCartTest">
        <test-method status="PASS" signature="setUpClass()[pri:0, instance:tests.AmazonEmptyCartTest@73f792cf]" name="setUpClass" is-config="true" duration-ms="16" started-at="2018-12-28T19:16:53Z" finished-at="2018-12-28T19:16:53Z">
          <reporter-output>
          </reporter-output>
        </test-method> <!-- setUpClass -->
        <test-method status="PASS" signature="setup()[pri:0, instance:tests.AmazonEmptyCartTest@73f792cf]" name="setup" is-config="true" duration-ms="17974" started-at="2018-12-28T19:16:53Z" finished-at="2018-12-28T19:17:11Z">
          <reporter-output>
          </reporter-output>
        </test-method> <!-- setup -->
        <test-method status="FAIL" signature="testHomeButton()[pri:0, instance:tests.AmazonEmptyCartTest@73f792cf]" name="testHomeButton" duration-ms="14101" started-at="2018-12-28T19:17:11Z" finished-at="2018-12-28T19:17:25Z">
          <exception class="java.lang.NullPointerException">
            <full-stacktrace>
              <![CDATA[java.lang.NullPointerException
	at pages.AmazonEmptyCart.amazonTestDeleteCart(AmazonEmptyCart.java:37)
	at tests.AmazonEmptyCartTest.testHomeButton(AmazonEmptyCartTest.java:22)
	at sun.reflect.NativeMethodAccessorImpl.invoke0(Native Method)
	at sun.reflect.NativeMethodAccessorImpl.invoke(NativeMethodAccessorImpl.java:62)
	at sun.reflect.DelegatingMethodAccessorImpl.invoke(DelegatingMethodAccessorImpl.java:43)
	at java.lang.reflect.Method.invoke(Method.java:498)
	at org.testng.internal.MethodInvocationHelper.invokeMethod(MethodInvocationHelper.java:84)
	at org.testng.internal.Invoker.invokeMethod(Invoker.java:714)
	at org.testng.internal.Invoker.invokeTestMethod(Invoker.java:901)
	at org.testng.internal.Invoker.invokeTestMethods(Invoker.java:1231)
	at org.testng.internal.TestMethodWorker.invokeTestMethods(TestMethodWorker.java:127)
	at org.testng.internal.TestMethodWorker.run(TestMethodWorker.java:111)
	at java.util.concurrent.ThreadPoolExecutor.runWorker(ThreadPoolExecutor.java:1142)
	at java.util.concurrent.ThreadPoolExecutor$Worker.run(ThreadPoolExecutor.java:617)
	at java.lang.Thread.run(Thread.java:745)
]]>
            </full-stacktrace>
          </exception> <!-- java.lang.NullPointerException -->
          <reporter-output>
          </reporter-output>
        </test-method> <!-- testHomeButton -->
        <test-method status="PASS" signature="setUpMethod()[pri:0, instance:tests.AmazonEmptyCartTest@73f792cf]" name="setUpMethod" is-config="true" duration-ms="0" started-at="2018-12-28T19:17:11Z" finished-at="2018-12-28T19:17:11Z">
          <reporter-output>
          </reporter-output>
        </test-method> <!-- setUpMethod -->
        <test-method status="PASS" signature="tearDownMethod()[pri:0, instance:tests.AmazonEmptyCartTest@73f792cf]" name="tearDownMethod" is-config="true" duration-ms="1" started-at="2018-12-28T19:17:25Z" finished-at="2018-12-28T19:17:25Z">
          <reporter-output>
          </reporter-output>
        </test-method> <!-- tearDownMethod -->
        <test-method status="PASS" signature="teardown()[pri:0, instance:tests.AmazonEmptyCartTest@73f792cf]" name="teardown" is-config="true" duration-ms="1" started-at="2018-12-28T19:17:25Z" finished-at="2018-12-28T19:17:25Z">
          <reporter-output>
          </reporter-output>
        </test-method> <!-- teardown -->
        <test-method status="PASS" signature="tearDownClass()[pri:0, instance:tests.AmazonEmptyCartTest@73f792cf]" name="tearDownClass" is-config="true" duration-ms="0" started-at="2018-12-28T19:17:25Z" finished-at="2018-12-28T19:17:25Z">
          <reporter-output>
          </reporter-output>
        </test-method> <!-- tearDownClass -->
      </class> <!-- tests.AmazonEmptyCartTest -->
    </test> <!-- Command line test -->
  </suite> <!-- Command line suite -->
</testng-results>
